<?xml version="1.0" encoding="UTF-8"?>
<testng-results ignored="0" total="2" passed="2" failed="0" skipped="0">
  <reporter-output>
  </reporter-output>
  <suite started-at="2021-07-13T00:39:32 IST" name="Default suite" finished-at="2021-07-13T00:40:33 IST" duration-ms="60421">
    <groups>
    </groups>
    <test started-at="2021-07-13T00:39:32 IST" name="Default test" finished-at="2021-07-13T00:40:33 IST" duration-ms="60421">
      <class name="com_July_04.ITextContextDemo">
        <test-method is-config="true" signature="Launch(org.testng.ITestContext)[pri:0, instance:com_July_04.ITextContextDemo@4ddced80]" started-at="2021-07-13T00:39:32 IST" name="Launch" finished-at="2021-07-13T00:39:38 IST" duration-ms="5607" status="PASS">
          <params>
            <param index="0">
              <value>
                <![CDATA[org.testng.TestRunner@62163b39]]>
              </value>
            </param>
          </params>
          <reporter-output>
          </reporter-output>
        </test-method> <!-- Launch -->
        <test-method signature="Facebook(org.testng.ITestContext)[pri:0, instance:com_July_04.ITextContextDemo@4ddced80]" started-at="2021-07-13T00:39:38 IST" name="Facebook" finished-at="2021-07-13T00:39:58 IST" duration-ms="19763" status="PASS">
          <params>
            <param index="0">
              <value>
                <![CDATA[org.testng.TestRunner@62163b39]]>
              </value>
            </param>
          </params>
          <reporter-output>
          </reporter-output>
        </test-method> <!-- Facebook -->
        <test-method is-config="true" signature="close(org.testng.ITestResult)[pri:0, instance:com_July_04.ITextContextDemo@4ddced80]" started-at="2021-07-13T00:39:58 IST" name="close" finished-at="2021-07-13T00:40:22 IST" duration-ms="24074" status="PASS">
          <params>
            <param index="0">
              <value>
                <![CDATA[[TestResult name=Facebook status=SUCCESS method=ITextContextDemo.Facebook(org.testng.ITestContext)[pri:0, instance:com_July_04.ITextContextDemo@4ddced80] output={null}]]]>
              </value>
            </param>
          </params>
          <reporter-output>
          </reporter-output>
        </test-method> <!-- close -->
        <test-method is-config="true" signature="Launch(org.testng.ITestContext)[pri:0, instance:com_July_04.ITextContextDemo@4ddced80]" started-at="2021-07-13T00:40:22 IST" name="Launch" finished-at="2021-07-13T00:40:24 IST" duration-ms="1951" status="PASS">
          <params>
            <param index="0">
              <value>
                <![CDATA[org.testng.TestRunner@62163b39]]>
              </value>
            </param>
          </params>
          <reporter-output>
          </reporter-output>
        </test-method> <!-- Launch -->
        <test-method signature="Login(org.testng.ITestContext)[pri:0, instance:com_July_04.ITextContextDemo@4ddced80]" started-at="2021-07-13T00:40:24 IST" name="Login" finished-at="2021-07-13T00:40:32 IST" duration-ms="8606" status="PASS">
          <params>
            <param index="0">
              <value>
                <![CDATA[org.testng.TestRunner@62163b39]]>
              </value>
            </param>
          </params>
          <reporter-output>
          </reporter-output>
        </test-method> <!-- Login -->
        <test-method is-config="true" signature="close(org.testng.ITestResult)[pri:0, instance:com_July_04.ITextContextDemo@4ddced80]" started-at="2021-07-13T00:40:32 IST" name="close" finished-at="2021-07-13T00:40:33 IST" duration-ms="318" status="PASS">
          <params>
            <param index="0">
              <value>
                <![CDATA[[TestResult name=Login status=SUCCESS method=ITextContextDemo.Login(org.testng.ITestContext)[pri:0, instance:com_July_04.ITextContextDemo@4ddced80] output={null}]]]>
              </value>
            </param>
          </params>
          <reporter-output>
          </reporter-output>
        </test-method> <!-- close -->
      </class> <!-- com_July_04.ITextContextDemo -->
    </test> <!-- Default test -->
  </suite> <!-- Default suite -->
</testng-results>
